<?xml version="1.0" encoding="UTF-8"?>
<!-- Generated by org.testng.reporters.JUnitReportReporter -->
<testsuite hostname="DESKTOP-OB1OE1J" failures="0" tests="1" name="com.nitara.CattleManagement.DeleteTreatment" time="20.012" errors="0" timestamp="2021-07-24T05:51:58 IST" skipped="0">
  <testcase classname="com.nitara.CattleManagement.DeleteTreatment" name="deleteTreatment" time="20.012"/>
  <system-out/>
</testsuite> <!-- com.nitara.CattleManagement.DeleteTreatment -->
