<?xml version="1.0" encoding="UTF-8"?>
<!-- Generated by org.testng.reporters.JUnitReportReporter -->
<testsuite hostname="DESKTOP-OB1OE1J" failures="0" tests="1" name="com.nitara.MilkingManagement.ViewCattleMilking" time="1.832" errors="0" timestamp="2021-08-05T21:58:08 IST" skipped="0">
  <testcase classname="com.nitara.MilkingManagement.ViewCattleMilking" name="viewCattleMilkingDetails" time="1.832"/>
  <system-out/>
</testsuite> <!-- com.nitara.MilkingManagement.ViewCattleMilking -->
