<?xml version="1.0" encoding="UTF-8"?>
<!-- Generated by org.testng.reporters.JUnitReportReporter -->
<testsuite hostname="DESKTOP-T1PK72O" failures="0" tests="1" name="com.nitara.WeightManagement.AddWeight" time="1.002" errors="0" timestamp="2021-07-13T20:55:20 IST" skipped="0">
  <testcase classname="com.nitara.WeightManagement.AddWeight" name="AddWeightGirth" time="1.002"/>
  <system-out/>
</testsuite> <!-- com.nitara.WeightManagement.AddWeight -->
