<?xml version="1.0" encoding="UTF-8"?>
<!-- Generated by org.testng.reporters.JUnitReportReporter -->
<testsuite hostname="DESKTOP-OB1OE1J" failures="0" tests="1" name="com.nitara.AccountManagement.ViewFarmerHomePage" time="1.633" errors="0" timestamp="2021-08-09T12:01:34 IST" skipped="0">
  <testcase classname="com.nitara.AccountManagement.ViewFarmerHomePage" name="viewFarmerHomePage" time="1.633"/>
  <system-out/>
</testsuite> <!-- com.nitara.AccountManagement.ViewFarmerHomePage -->
