<?xml version="1.0" encoding="UTF-8"?>
<!-- Generated by org.testng.reporters.JUnitReportReporter -->
<testsuite hostname="DESKTOP-OB1OE1J" failures="0" tests="7" name="com.nitara.UserRegistration.UserRegistration" time="5.177" errors="0" timestamp="2021-08-05T21:48:40 IST" skipped="0">
  <testcase classname="com.nitara.UserRegistration.UserRegistration" name="registerUserAlreadyRegistered" time="0.697"/>
  <system-out/>
  <testcase classname="com.nitara.UserRegistration.UserRegistration" name="setPasswordMinimumLength" time="0.393"/>
  <system-out/>
  <testcase classname="com.nitara.UserRegistration.UserRegistration" name="setPasswordExceedLength" time="1.534"/>
  <system-out/>
  <testcase classname="com.nitara.UserRegistration.UserRegistration" name="registerUserMandatoryFields" time="0.376"/>
  <system-out/>
  <testcase classname="com.nitara.UserRegistration.UserRegistration" name="passwordnConfirmPasswordDoNotMatch" time="1.119"/>
  <system-out/>
  <testcase classname="com.nitara.UserRegistration.UserRegistration" name="registerUserExceedLengthPhonenName" time="0.477"/>
  <system-out/>
  <testcase classname="com.nitara.UserRegistration.UserRegistration" name="setPasswordMandatoryFields" time="0.581"/>
  <system-out/>
</testsuite> <!-- com.nitara.UserRegistration.UserRegistration -->
