<?xml version="1.0" encoding="UTF-8"?>
<!-- Generated by org.testng.reporters.JUnitReportReporter -->
<testsuite hostname="DESKTOP-OB1OE1J" failures="0" tests="1" name="com.nitara.BCSManagement.AddBcs" time="2.861" errors="0" timestamp="2021-08-09T00:51:06 IST" skipped="0">
  <testcase classname="com.nitara.BCSManagement.AddBcs" name="AddBCSData" time="2.861"/>
  <system-out/>
</testsuite> <!-- com.nitara.BCSManagement.AddBcs -->
