<?xml version="1.0" encoding="UTF-8"?>
<!-- Generated by org.testng.reporters.JUnitReportReporter -->
<testsuite hostname="DESKTOP-OB1OE1J" failures="0" tests="1" name="com.nitara.WeightManagement.ViewWeightData" time="0.394" errors="0" timestamp="2021-08-09T12:01:34 IST" skipped="0">
  <testcase classname="com.nitara.WeightManagement.ViewWeightData" name="viewWeightData" time="0.394"/>
  <system-out/>
</testsuite> <!-- com.nitara.WeightManagement.ViewWeightData -->
