<?xml version="1.0" encoding="UTF-8"?>
<!-- Generated by org.testng.reporters.JUnitReportReporter -->
<testsuite hostname="DESKTOP-OB1OE1J" failures="0" tests="1" name="com.nitara.MasterData.GetIDProofMasterData" time="0.239" errors="0" timestamp="2021-08-09T12:01:34 IST" skipped="0">
  <testcase classname="com.nitara.MasterData.GetIDProofMasterData" name="GetIDProofMasterDataInEnglish" time="0.239"/>
  <system-out/>
</testsuite> <!-- com.nitara.MasterData.GetIDProofMasterData -->
