<?xml version="1.0" encoding="UTF-8"?>
<!-- Generated by org.testng.reporters.JUnitReportReporter -->
<testsuite hostname="DESKTOP-OB1OE1J" failures="0" tests="5" name="com.nitara.Treatment.AddTreatment" time="6.480" errors="0" timestamp="2021-08-09T12:02:21 IST" skipped="0">
  <testcase classname="com.nitara.Treatment.AddTreatment" name="addTreatment" time="1.254"/>
  <system-out/>
  <testcase classname="com.nitara.Treatment.AddTreatment" name="followUpAfterRequired" time="2.191"/>
  <system-out/>
  <testcase classname="com.nitara.Treatment.AddTreatment" name="addMedicineswithoutDosage" time="1.203"/>
  <system-out/>
  <testcase classname="com.nitara.Treatment.AddTreatment" name="addTreatmentFutureDate" time="1.123"/>
  <system-out/>
  <testcase classname="com.nitara.Treatment.AddTreatment" name="addTreatmentMandatoryField" time="0.709"/>
  <system-out/>
</testsuite> <!-- com.nitara.Treatment.AddTreatment -->
