<?xml version="1.0" encoding="UTF-8"?>
<!-- Generated by org.testng.reporters.JUnitReportReporter -->
<testsuite hostname="DESKTOP-OB1OE1J" failures="0" tests="15" name="com.nitara.UserLogin.LoginReg" time="7.862" errors="0" timestamp="2021-08-05T21:48:40 IST" skipped="0">
  <testcase classname="com.nitara.UserLogin.LoginReg" name="changePasswordMinimumLength" time="0.839"/>
  <system-out/>
  <testcase classname="com.nitara.UserLogin.LoginReg" name="changePasswordExceedLength" time="0.632"/>
  <system-out/>
  <testcase classname="com.nitara.UserLogin.LoginReg" name="loginwithBlankCredentials" time="0.595"/>
  <system-out/>
  <testcase classname="com.nitara.UserLogin.LoginReg" name="forgotPasswordBlankFields" time="0.259"/>
  <system-out/>
  <testcase classname="com.nitara.UserLogin.LoginReg" name="passwordnConfirmPasswordDoNotMatch" time="0.452"/>
  <system-out/>
  <testcase classname="com.nitara.UserLogin.LoginReg" name="otpLoginwithInvalidPhone" time="0.338"/>
  <system-out/>
  <testcase classname="com.nitara.UserLogin.LoginReg" name="generateOtpwithInvalidUsername" time="0.518"/>
  <system-out/>
  <testcase classname="com.nitara.UserLogin.LoginReg" name="forgotPasswordInvalidPhone" time="0.377"/>
  <system-out/>
  <testcase classname="com.nitara.UserLogin.LoginReg" name="loginwithInvalidPassword" time="0.969"/>
  <system-out/>
  <testcase classname="com.nitara.UserLogin.LoginReg" name="forgotPasswordMinimumLength" time="0.325"/>
  <system-out/>
  <testcase classname="com.nitara.UserLogin.LoginReg" name="newPasswordnConfirmNewPasswordDoNotMatch" time="0.542"/>
  <system-out/>
  <testcase classname="com.nitara.UserLogin.LoginReg" name="changePasswordIncorrectOldPassword" time="0.739"/>
  <system-out/>
  <testcase classname="com.nitara.UserLogin.LoginReg" name="forgotPasswordExceedLength" time="0.256"/>
  <system-out/>
  <testcase classname="com.nitara.UserLogin.LoginReg" name="newPasswordSameAsExisting" time="0.735"/>
  <system-out/>
  <testcase classname="com.nitara.UserLogin.LoginReg" name="otpLoginwithInvalidOtp" time="0.286"/>
  <system-out/>
</testsuite> <!-- com.nitara.UserLogin.LoginReg -->
