<?xml version="1.0" encoding="UTF-8"?>
<!-- Generated by org.testng.reporters.JUnitReportReporter -->
<testsuite hostname="DESKTOP-OB1OE1J" failures="0" tests="1" name="com.nitara.FarmManagement.UpdateExpenses" time="0.423" errors="0" timestamp="2021-08-09T12:01:34 IST" skipped="0">
  <testcase classname="com.nitara.FarmManagement.UpdateExpenses" name="updateExpense" time="0.423"/>
  <system-out/>
</testsuite> <!-- com.nitara.FarmManagement.UpdateExpenses -->
