<?xml version="1.0" encoding="UTF-8"?>
<!-- Generated by org.testng.reporters.JUnitReportReporter -->
<testsuite hostname="DESKTOP-OB1OE1J" failures="0" tests="1" name="com.nitara.AccountManagement.BulkUpload" time="29.363" errors="0" timestamp="2021-07-08T16:30:08 IST" skipped="0">
  <testcase classname="com.nitara.AccountManagement.BulkUpload" name="bulkUpload" time="29.363"/>
  <system-out/>
</testsuite> <!-- com.nitara.AccountManagement.BulkUpload -->
