<?xml version="1.0" encoding="UTF-8"?>
<!-- Generated by org.testng.reporters.JUnitReportReporter -->
<testsuite hostname="DESKTOP-OB1OE1J" failures="0" tests="1" name="com.nitara.FarmManagement.ViewFarmAnalysis" time="1.088" errors="0" timestamp="2021-08-09T12:01:34 IST" skipped="0">
  <testcase classname="com.nitara.FarmManagement.ViewFarmAnalysis" name="viewFarmAnalysis" time="1.088"/>
  <system-out/>
</testsuite> <!-- com.nitara.FarmManagement.ViewFarmAnalysis -->
