<?xml version="1.0" encoding="UTF-8"?>
<!-- Generated by org.testng.reporters.JUnitReportReporter -->
<testsuite hostname="DESKTOP-OB1OE1J" failures="0" tests="1" name="com.nitara.UserLogin.Login" time="28.532" errors="0" timestamp="2021-07-23T08:00:21 IST" skipped="0">
  <testcase classname="com.nitara.UserLogin.Login" name="userLogin" time="28.532"/>
  <system-out/>
</testsuite> <!-- com.nitara.UserLogin.Login -->
