<?xml version="1.0" encoding="UTF-8"?>
<!-- Generated by org.testng.reporters.JUnitReportReporter -->
<testsuite hostname="DESKTOP-OB1OE1J" failures="0" tests="1" name="com.nitara.utilities.Helper" time="0.021" errors="0" timestamp="2021-07-12T15:55:09 IST" skipped="0">
  <testcase classname="com.nitara.utilities.Helper" name="getFutureDate" time="0.021"/>
  <system-out/>
</testsuite> <!-- com.nitara.utilities.Helper -->
