<?xml version="1.0" encoding="UTF-8"?>
<!-- Generated by org.testng.reporters.JUnitReportReporter -->
<testsuite hostname="DESKTOP-OB1OE1J" failures="0" tests="1" name="com.nitara.CattleManagement.ViewTreatmentData" time="46.542" errors="0" timestamp="2021-07-24T05:51:58 IST" skipped="0">
  <testcase classname="com.nitara.CattleManagement.ViewTreatmentData" name="viewTreatmentData" time="46.542"/>
  <system-out/>
</testsuite> <!-- com.nitara.CattleManagement.ViewTreatmentData -->
