<?xml version="1.0" encoding="UTF-8"?>
<!-- Generated by org.testng.reporters.JUnitReportReporter -->
<testsuite hostname="DESKTOP-OB1OE1J" failures="0" tests="10" name="com.nitara.CattleRegistration.RegisterCalfRegCases" time="119.753" errors="0" timestamp="2021-07-11T22:16:54 IST" skipped="0">
  <testcase classname="com.nitara.CattleRegistration.RegisterCalfRegCases" name="Registerwithinvalidfileformat" time="11.276"/>
  <system-out/>
  <testcase classname="com.nitara.CattleRegistration.RegisterCalfRegCases" name="Registerwithfutureyearofbirth" time="12.614"/>
  <system-out/>
  <testcase classname="com.nitara.CattleRegistration.RegisterCalfRegCases" name="Registerwithoutphotos" time="10.466"/>
  <system-out/>
  <testcase classname="com.nitara.CattleRegistration.RegisterCalfRegCases" name="Cooperativenumbershouldbe12digits" time="12.566"/>
  <system-out/>
  <testcase classname="com.nitara.CattleRegistration.RegisterCalfRegCases" name="Registerwithlessthan6monthsofage" time="13.198"/>
  <system-out/>
  <testcase classname="com.nitara.CattleRegistration.RegisterCalfRegCases" name="Registerwithoutyearofbirth" time="13.306"/>
  <system-out/>
  <testcase classname="com.nitara.CattleRegistration.RegisterCalfRegCases" name="Registerwithduplicatecotagnumber" time="12.552"/>
  <system-out/>
  <testcase classname="com.nitara.CattleRegistration.RegisterCalfRegCases" name="Registerwithduplicatetagnumber" time="10.336"/>
  <system-out/>
  <testcase classname="com.nitara.CattleRegistration.RegisterCalfRegCases" name="Registerwithemptytagnumber" time="13.401"/>
  <system-out/>
  <testcase classname="com.nitara.CattleRegistration.RegisterCalfRegCases" name="Registerwithmorethan25yearsofage" time="10.038"/>
  <system-out/>
</testsuite> <!-- com.nitara.CattleRegistration.RegisterCalfRegCases -->
