<?xml version="1.0" encoding="UTF-8"?>
<!-- Generated by org.testng.reporters.JUnitReportReporter -->
<testsuite hostname="DESKTOP-OB1OE1J" failures="0" tests="2" name="com.nitara.VaccinationManagement.UpdateVaccination" time="1.253" errors="0" timestamp="2021-08-05T21:48:40 IST" skipped="0">
  <testcase classname="com.nitara.VaccinationManagement.UpdateVaccination" name="updateVaccinationFutureDate" time="0.747"/>
  <system-out/>
  <testcase classname="com.nitara.VaccinationManagement.UpdateVaccination" name="updateVaccinationMandatoryFields" time="0.506"/>
  <system-out/>
</testsuite> <!-- com.nitara.VaccinationManagement.UpdateVaccination -->
