<?xml version="1.0" encoding="UTF-8"?>
<!-- Generated by org.testng.reporters.JUnitReportReporter -->
<testsuite hostname="DESKTOP-OB1OE1J" failures="0" tests="1" name="com.nitara.AccountManagement.GetUserRoles" time="0.616" errors="0" timestamp="2021-08-09T12:01:34 IST" skipped="0">
  <testcase classname="com.nitara.AccountManagement.GetUserRoles" name="getUserRoles" time="0.616"/>
  <system-out/>
</testsuite> <!-- com.nitara.AccountManagement.GetUserRoles -->
