<?xml version="1.0" encoding="UTF-8"?>
<!-- Generated by org.testng.reporters.JUnitReportReporter -->
<testsuite hostname="DESKTOP-OB1OE1J" failures="0" tests="1" name="failed_testcases.FailedTestcases" time="1364.438" errors="0" timestamp="2021-07-24T06:27:40 IST" skipped="0">
  <testcase classname="failed_testcases.FailedTestcases" name="myFailedMethod" time="1364.438"/>
  <system-out/>
</testsuite> <!-- failed_testcases.FailedTestcases -->
